{"message":{"sqlParser":{"id":"selectUsers","parameter":{"Users_IsBan":0,"Users_Name":"游客1","Users_Account":"root","Users_PassWord":1234},"ret":" SELECT * FROM users WHERE Users_IsBan = 0 AND Users_Account = 'root' AND Users_PassWord = MD5(1234) "},"date":{"day":25,"month":10,"year":2019,"time":"15-20-40"}},"level":"debug"}
{"message":{"sqlParser":{"id":"selectUsers","parameter":{"Users_IsBan":0,"Users_Name":"游客1","Users_Account":"root","Users_PassWord":1234},"ret":" SELECT * FROM users WHERE Users_IsBan = 0 AND Users_Account = 'root' AND Users_PassWord = MD5(1234) AND Users_Name = '游客1'"},"date":{"day":25,"month":10,"year":2019,"time":"15-44-8"}},"level":"debug"}
{"message":{"sqlParser":{"id":"selectUsers","parameter":{"Users_IsBan":0,"Users_Name":"管理员1","Users_Account":"root","Users_PassWord":1234},"ret":" SELECT * FROM users WHERE Users_IsBan = 0 AND Users_Account = 'root' AND Users_PassWord = MD5(1234) AND Users_Name = '管理员1'"},"date":{"day":25,"month":10,"year":2019,"time":"15-45-9"}},"level":"debug"}
{"message":{"sqlParser":{"id":"selectUsers","parameter":{"Users_IsBan":0,"Users_Name":"管理员1","Users_Account":"root","Users_PassWord":1234},"ret":" SELECT * FROM users WHERE Users_IsBan = 0 AND Users_Account = 'root' AND Users_PassWord = MD5(1234) AND Users_Name = '管理员1'"},"date":{"day":25,"month":10,"year":2019,"time":"15-47-21"}},"level":"debug"}
{"message":{"sqlParser":{"id":"selectUsers","parameter":{"Users_IsBan":0,"Users_Name":"管理员1","Users_Account":"root","Users_PassWord":1234},"ret":" SELECT * FROM users WHERE Users_IsBan = 0 AND Users_Account = 'root' AND Users_PassWord = MD5(1234) AND Users_Name = '管理员1'"},"date":{"day":25,"month":10,"year":2019,"time":"15-47-48"}},"level":"debug"}
{"message":{"sqlParser":{"id":"selectUsers","parameter":{"Users_IsBan":0,"Users_Name":"管理员1","Users_Account":"root","Users_PassWord":1234},"ret":" SELECT * FROM users WHERE Users_IsBan = 0 AND Users_Account = 'root' AND Users_PassWord = MD5(1234) AND Users_Name = '管理员1'"},"date":{"day":25,"month":10,"year":2019,"time":"15-48-39"}},"level":"debug"}
{"message":{"sqlParser":{"id":"selectUsers","parameter":{"Users_IsBan":0,"Users_Name":"管理员1","Users_Account":"root","Users_PassWord":1234},"ret":" SELECT * FROM users WHERE Users_IsBan = 0 AND Users_Account = 'root' AND Users_PassWord = MD5(1234) AND Users_Name = '管理员1'"},"date":{"day":25,"month":10,"year":2019,"time":"15-51-23"}},"level":"debug"}
{"message":{"sqlParser":{"id":"selectUsers","parameter":{"Users_IsBan":0,"Users_Name":"管理员1","Users_Account":"root","Users_PassWord":1234},"ret":" SELECT * FROM users WHERE Users_IsBan = 0 AND Users_Account = 'root' AND Users_PassWord = MD5(1234) AND Users_Name = '管理员1'"},"date":{"day":25,"month":10,"year":2019,"time":"15-54-12"}},"level":"debug"}
{"message":{"sqlParser":{"id":"selectUsers","parameter":{"Users_IsBan":0,"Users_Name":"管理员1","Users_Account":"root","Users_PassWord":1234},"ret":" SELECT * FROM users WHERE Users_IsBan = 0 AND Users_Account = 'root' AND Users_PassWord = MD5(1234) AND Users_Name = '管理员1'"},"date":{"day":25,"month":10,"year":2019,"time":"15-58-31"}},"level":"debug"}
{"message":{"sqlParser":{"id":"selectUsers","parameter":{"Users_IsBan":0,"Users_Name":"管理员1","Users_Account":"root","Users_PassWord":1234},"ret":" SELECT * FROM users WHERE Users_IsBan = 0 AND Users_Account = 'root' AND Users_PassWord = MD5(1234) AND Users_Name = '管理员1'"},"date":{"day":25,"month":10,"year":2019,"time":"15-59-30"}},"level":"debug"}
{"message":{"sqlParser":{"id":"selectUsers","parameter":{"Users_IsBan":0,"Users_Name":"管理员1","Users_Account":"root","Users_PassWord":1234},"ret":" SELECT * FROM users WHERE Users_IsBan = 0 AND Users_Account = 'root' AND Users_PassWord = MD5(1234) AND Users_Name = '管理员1'"},"date":{"day":25,"month":10,"year":2019,"time":"16-0-4"}},"level":"debug"}
{"message":{"sqlParser":{"id":"selectUsers","parameter":{"Users_IsBan":0,"Users_Name":"管理员1","Users_Account":"root","Users_PassWord":1234},"ret":" SELECT * FROM users WHERE Users_IsBan = 0 AND Users_Account = 'root' AND Users_PassWord = MD5(1234) AND Users_Name = '管理员1'"},"date":{"day":25,"month":10,"year":2019,"time":"16-0-27"}},"level":"debug"}
{"message":{"sqlParser":{"id":"selectUsers","parameter":{"Users_IsBan":0,"Users_Name":"管理员1","Users_Account":"root","Users_PassWord":1234},"ret":" SELECT * FROM users WHERE Users_IsBan = 0 AND Users_Account = 'root' AND Users_PassWord = MD5(1234) AND Users_Name = '管理员1'"},"date":{"day":25,"month":10,"year":2019,"time":"16-0-48"}},"level":"debug"}
{"message":{"sqlParser":{"id":"selectUsers","parameter":{"Users_IsBan":0,"Users_Name":"管理员1","Users_Account":"root","Users_PassWord":1234},"ret":" SELECT * FROM users WHERE Users_IsBan = 0 AND Users_Account = 'root' AND Users_PassWord = MD5(1234) AND Users_Name = '管理员1'"},"date":{"day":25,"month":10,"year":2019,"time":"16-1-16"}},"level":"debug"}
{"message":{"sqlParser":{"id":"selectUsers","parameter":{"Users_IsBan":0,"Users_Name":"管理员1","Users_Account":"root","Users_PassWord":1234},"ret":" SELECT * FROM users WHERE Users_IsBan = 0 AND Users_Account = 'root' AND Users_PassWord = MD5(1234) AND Users_Name = '管理员1'"},"date":{"day":25,"month":10,"year":2019,"time":"16-7-2"}},"level":"debug"}
{"message":{"sqlParser":{"id":"selectUsers","parameter":{"Users_IsBan":0,"Users_Name":"管理员1","Users_Account":"root","Users_PassWord":1234},"ret":" SELECT * FROM users WHERE Users_IsBan = 0 AND Users_Account = 'root' AND Users_PassWord = MD5(1234) AND Users_Name = '管理员1'"},"date":{"day":25,"month":10,"year":2019,"time":"16-7-39"}},"level":"debug"}
{"message":{"sqlParser":{"id":"selectUsers","parameter":{"Users_IsBan":0,"Users_Name":"管理员1","Users_Account":"root","Users_PassWord":1234},"ret":" SELECT * FROM users WHERE Users_IsBan = 0 AND Users_Account = 'root' AND Users_PassWord = MD5(1234) AND Users_Name = '管理员1'"},"date":{"day":25,"month":10,"year":2019,"time":"16-7-58"}},"level":"debug"}
{"message":{"sqlParser":{"id":"selectUsers","parameter":{"Users_IsBan":0,"Users_Name":"管理员1","Users_Account":"root","Users_PassWord":1234},"ret":" SELECT * FROM users WHERE Users_IsBan = 0 AND Users_Account = 'root' AND Users_PassWord = MD5(1234) AND Users_Name = '管理员1'"},"date":{"day":25,"month":10,"year":2019,"time":"16-16-46"}},"level":"debug"}
{"message":{"sqlParser":{"id":"selectUsers","parameter":{"Users_IsBan":0,"Users_Name":"管理员1","Users_Account":"root","Users_PassWord":1234},"ret":" SELECT * FROM users WHERE Users_IsBan = 0 AND Users_Account = 'root' AND Users_PassWord = MD5(1234) AND Users_Name = '管理员1'"},"date":{"day":25,"month":10,"year":2019,"time":"16-21-59"}},"level":"debug"}
{"message":{"sqlParser":{"id":"selectUsers","parameter":{"Users_IsBan":0,"Users_Name":"管理员1","Users_Account":"root","Users_PassWord":1234},"ret":" SELECT * FROM users WHERE Users_IsBan = 0 AND Users_Account = 'root' AND Users_PassWord = MD5(1234) AND Users_Name = '管理员1'"},"date":{"day":25,"month":10,"year":2019,"time":"16-28-46"}},"level":"debug"}
{"message":{"sqlParser":{"id":"selectUsers","parameter":{"Users_IsBan":0,"Users_Name":"管理员1","Users_Account":"root","Users_PassWord":1234},"ret":" SELECT * FROM users WHERE Users_IsBan = 0 AND Users_Account = 'root' AND Users_PassWord = MD5(1234) AND Users_Name = '管理员1'"},"date":{"day":26,"month":10,"year":2019,"time":"16-51-14"}},"level":"debug"}
{"message":{"sqlParser":{"id":"selectUsers","parameter":{"Users_IsBan":0,"Users_Name":"管理员1","Users_Account":"root","Users_PassWord":1234},"ret":" SELECT * FROM users WHERE Users_IsBan = 0 AND Users_Account = 'root' AND Users_PassWord = MD5(1234) AND Users_Name = '管理员1'"},"date":{"day":26,"month":10,"year":2019,"time":"16-52-1"}},"level":"debug"}
{"message":{"sqlParser":{"id":"selectUsers","parameter":{"Users_IsBan":0,"Users_Name":"管理员1","Users_Account":"root","Users_PassWord":1234},"ret":" SELECT * FROM users WHERE Users_IsBan = 0 AND Users_Account = 'root' AND Users_PassWord = MD5(1234) AND Users_Name = '管理员1'"},"date":{"day":26,"month":10,"year":2019,"time":"16-52-12"}},"level":"debug"}
{"message":{"sqlParser":{"id":"selectUsers","parameter":{"usersName":"x1234","usersPass":"1234"},"ret":" SELECT * FROM users  "},"date":{"day":26,"month":10,"year":2019,"time":"17-0-36"}},"level":"debug"}
{"message":{"sqlParser":{"id":"selectUsers","parameter":{"usersName":"x1234","usersPass":"1234"},"ret":" SELECT * FROM users  "},"date":{"day":26,"month":10,"year":2019,"time":"17-1-22"}},"level":"debug"}
{"message":{"sqlParser":{"id":"selectUsers","parameter":{"usersName":"x1234","usersPass":"1234"},"ret":" SELECT * FROM users  "},"date":{"day":26,"month":10,"year":2019,"time":"17-1-32"}},"level":"debug"}
{"message":{"sqlParser":{"id":"selectUsers","parameter":{"Users_Account":"x1234","Users_PassWord":"1234"},"ret":" SELECT * FROM users WHERE Users_Account = 'x1234' AND Users_PassWord = MD5('1234')"},"date":{"day":26,"month":10,"year":2019,"time":"17-3-1"}},"level":"debug"}
{"message":{"sqlParser":{"id":"selectUsers","parameter":{"Users_PassWord":"1234"},"ret":" SELECT * FROM users WHERE Users_PassWord = MD5('1234')"},"date":{"day":27,"month":10,"year":2019,"time":"8-35-47"}},"level":"debug"}
{"message":{"sqlParser":{"id":"selectUsers","parameter":{"Users_PassWord":"1234"},"ret":" SELECT * FROM users WHERE Users_PassWord = MD5('1234')"},"date":{"day":27,"month":10,"year":2019,"time":"8-37-16"}},"level":"debug"}
{"message":{"sqlParser":{"id":"selectUsers","parameter":{"Users_Account":"x1234","Users_PassWord":"1234"},"ret":" SELECT * FROM users WHERE Users_Account = 'x1234' AND Users_PassWord = MD5('1234')"},"date":{"day":27,"month":10,"year":2019,"time":"8-37-53"}},"level":"debug"}
{"message":{"sqlParser":{"id":"selectUsers","parameter":{"Users_Account":"x1234","Users_PassWord":"1234"},"ret":" SELECT * FROM users WHERE Users_Account = 'x1234' AND Users_PassWord = MD5('1234')WHERE Users_Account = 'x1234' AND Users_PassWord = MD5('1234')"},"date":{"day":27,"month":10,"year":2019,"time":"8-38-44"}},"level":"debug"}
{"message":{"sqlParser":{"id":"selectUsers","parameter":{"Users_Account":"x1234","Users_PassWord":"1234"},"ret":" SELECT * FROM users WHERE Users_Account = 'x1234' AND Users_PassWord = MD5('1234')"},"date":{"day":27,"month":10,"year":2019,"time":"8-39-52"}},"level":"debug"}
{"message":{"sqlParser":{"id":"selectUsers","parameter":{"Users_Account":"x1234","Users_PassWord":"1234"},"ret":" SELECT * FROM users WHERE Users_Account = 'x1234' AND Users_PassWord = MD5('1234')"},"date":{"day":27,"month":10,"year":2019,"time":"8-57-25"}},"level":"debug"}
{"message":{"sqlParser":{"id":"selectUsers","parameter":{"Users_Account":"x1234","Users_PassWord":"1234"},"ret":" SELECT * FROM users WHERE Users_Account = 'x1234' AND Users_PassWord = MD5('1234')"},"date":{"day":27,"month":10,"year":2019,"time":"8-58-32"}},"level":"debug"}
{"message":{"sqlParser":{"id":"selectUsers","parameter":{"Users_Account":"x1234","Users_PassWord":"1234"},"ret":" SELECT * FROM users WHERE Users_Account = 'x1234' AND Users_PassWord = MD5('1234')"},"date":{"day":27,"month":10,"year":2019,"time":"8-59-42"}},"level":"debug"}
{"message":{"sqlParser":{"id":"selectUsers","parameter":{"Users_Account":"x1234","Users_PassWord":"1234"},"ret":" SELECT * FROM users WHERE Users_Account = 'x1234' AND Users_PassWord = MD5('1234')"},"date":{"day":27,"month":10,"year":2019,"time":"9-5-31"}},"level":"debug"}
{"message":{"sqlParser":{"id":"selectUsers","parameter":{"Users_Account":"x1234","Users_PassWord":"1234"},"ret":" SELECT * FROM users WHERE Users_Account = 'x1234' AND Users_PassWord = MD5('1234')"},"date":{"day":27,"month":10,"year":2019,"time":"9-30-5"}},"level":"debug"}
{"message":{"sqlParser":{"id":"selectUsers","parameter":{"Users_Account":"x1234","Users_PassWord":"1234"},"ret":" SELECT * FROM users WHERE Users_Account = 'x1234' AND Users_PassWord = MD5('1234')"},"date":{"day":27,"month":10,"year":2019,"time":"15-5-16"}},"level":"debug"}
{"message":{"sqlParser":{"id":"selectUsers","parameter":{"Users_Account":"x1234","Users_PassWord":"1234"},"ret":" SELECT * FROM users WHERE Users_Account = 'x1234' AND Users_PassWord = MD5('1234')WHERE Users_Account = 'x1234' AND Users_PassWord = MD5('1234')"},"date":{"day":27,"month":10,"year":2019,"time":"15-5-30"}},"level":"debug"}
{"message":{"sqlParser":{"id":"selectUsers","parameter":{"Users_Account":"x1234","Users_PassWord":"1234"},"ret":" SELECT * FROM users WHERE Users_Account = 'x1234' AND Users_PassWord = MD5('1234')WHERE Users_Account = 'x1234' AND Users_PassWord = MD5('1234')WHERE Users_Account = 'x1234' AND Users_PassWord = MD5('1234')"},"date":{"day":27,"month":10,"year":2019,"time":"15-7-21"}},"level":"debug"}
{"message":{"sqlParser":{"id":"selectUsers","parameter":{"Users_Account":"x1234","Users_PassWord":"1234"},"ret":" SELECT * FROM users WHERE Users_Account = 'x1234' AND Users_PassWord = MD5('1234')WHERE Users_Account = 'x1234' AND Users_PassWord = MD5('1234')WHERE Users_Account = 'x1234' AND Users_PassWord = MD5('1234')WHERE Users_Account = 'x1234' AND Users_PassWord = MD5('1234')"},"date":{"day":27,"month":10,"year":2019,"time":"15-7-48"}},"level":"debug"}
{"message":{"sqlParser":{"id":"selectUsers","parameter":{},"ret":" SELECT * FROM users  "},"date":{"day":30,"month":10,"year":2019,"time":"16-2-43"}},"level":"debug"}
{"message":{"sqlParser":{"id":"selectUsers","parameter":{},"ret":" SELECT * FROM users   "},"date":{"day":30,"month":10,"year":2019,"time":"16-3-45"}},"level":"debug"}
{"message":{"sqlParser":{"id":"selectUsers","parameter":{},"ret":" SELECT * FROM users    "},"date":{"day":30,"month":10,"year":2019,"time":"16-4-25"}},"level":"debug"}
{"message":{"sqlParser":{"id":"selectUsers","parameter":{},"ret":" SELECT * FROM users     "},"date":{"day":30,"month":10,"year":2019,"time":"16-5-45"}},"level":"debug"}
{"message":{"sqlParser":{"id":"selectUsers","parameter":{},"ret":" SELECT * FROM users  "},"date":{"day":30,"month":10,"year":2019,"time":"16-7-0"}},"level":"debug"}
{"message":{"sqlParser":{"id":"selectUsers","parameter":{},"ret":" SELECT * FROM users  "},"date":{"day":30,"month":10,"year":2019,"time":"16-7-32"}},"level":"debug"}
{"message":{"sqlParser":{"id":"selectUsers","parameter":{},"ret":" SELECT * FROM users   "},"date":{"day":30,"month":10,"year":2019,"time":"16-7-45"}},"level":"debug"}
{"message":{"sqlParser":{"id":"selectUsers","parameter":{},"ret":" SELECT * FROM users  "},"date":{"day":30,"month":10,"year":2019,"time":"16-8-38"}},"level":"debug"}
{"message":{"sqlParser":{"id":"selectUsers","parameter":{},"ret":" SELECT * FROM users   "},"date":{"day":30,"month":10,"year":2019,"time":"16-10-25"}},"level":"debug"}
{"message":{"sqlParser":{"id":"selectUsers","parameter":{},"ret":" SELECT * FROM users    "},"date":{"day":30,"month":10,"year":2019,"time":"16-19-23"}},"level":"debug"}
{"message":{"sqlParser":{"id":"selectUsers","parameter":{},"ret":" SELECT * FROM users     "},"date":{"day":30,"month":10,"year":2019,"time":"16-19-31"}},"level":"debug"}
{"message":{"sqlParser":{"id":"selectUsers","parameter":{},"ret":" SELECT * FROM users      "},"date":{"day":30,"month":10,"year":2019,"time":"16-36-15"}},"level":"debug"}
{"message":{"sqlParser":{"id":"selectUsers","parameter":{},"ret":" SELECT * FROM users  "},"date":{"day":30,"month":10,"year":2019,"time":"16-58-55"}},"level":"debug"}
{"message":{"sqlParser":{"id":"selectUsers","parameter":{"Users_IsBan":0,"Users_Name":"管理员1","Users_Account":"root","Users_PassWord":1234},"ret":" SELECT * FROM users WHERE Users_IsBan = 0 AND Users_Account = 'root' AND Users_PassWord = MD5(1234) AND Users_Name = '管理员1'"},"date":{"day":30,"month":10,"year":2019,"time":"17-3-54"}},"level":"debug"}
{"message":{"sqlParser":{"id":"selectUsers","parameter":{},"ret":" SELECT * FROM users WHERE Users_IsBan = 0 AND Users_Account = 'root' AND Users_PassWord = MD5(1234) AND Users_Name = '管理员1' "},"date":{"day":30,"month":10,"year":2019,"time":"17-3-54"}},"level":"debug"}
{"message":{"sqlParser":{"id":"selectUsers","parameter":{"Users_IsBan":0,"Users_Name":"管理员1","Users_Account":"root","Users_PassWord":1234},"ret":" SELECT * FROM users WHERE Users_IsBan = 0 AND Users_Account = 'root' AND Users_PassWord = MD5(1234) AND Users_Name = '管理员1'"},"date":{"day":30,"month":10,"year":2019,"time":"17-4-44"}},"level":"debug"}
{"message":{"sqlParser":{"id":"selectUsers","parameter":{},"ret":" SELECT * FROM users WHERE Users_IsBan = 0 AND Users_Account = 'root' AND Users_PassWord = MD5(1234) AND Users_Name = '管理员1' "},"date":{"day":30,"month":10,"year":2019,"time":"17-4-44"}},"level":"debug"}
{"message":{"sqlParser":{"id":"selectUsers","parameter":{"Users_IsBan":0,"Users_Name":"管理员1","Users_Account":"root","Users_PassWord":1234},"ret":" SELECT * FROM users WHERE Users_IsBan = 0 AND Users_Account = 'root' AND Users_PassWord = MD5(1234) AND Users_Name = '管理员1'"},"date":{"day":30,"month":10,"year":2019,"time":"17-6-15"}},"level":"debug"}
{"message":{"sqlParser":{"id":"selectUsers","parameter":{},"ret":" SELECT * FROM users  "},"date":{"day":30,"month":10,"year":2019,"time":"17-6-15"}},"level":"debug"}
