{"message":{"sqlParser":{"id":"insertUsers","parameter":{"Users_Account":"x12345","Users_IsBan":"1"},"ret":" INSERT INTOINSERT INTO Users) VALUES (  )WHERE Users_Account = 'x12345'"},"date":{"day":25,"month":10,"year":2019,"time":"15-44-8"}},"level":"debug"}
{"message":{"sqlParser":{"id":"insertUsers","parameter":{"Users_Account":"x12345","Users_IsBan":"1"},"ret":" INSERT INTOINSERT INTO Users) VALUES (  )WHERE Users_Account = 'x12345'"},"date":{"day":25,"month":10,"year":2019,"time":"15-45-9"}},"level":"debug"}
{"message":{"sqlParser":{"id":"insertUsers","parameter":{"Users_Account":"x12345","Users_IsBan":"1"},"ret":" INSERT INTO Users) VALUES (  )WHERE Users_Account = 'x12345'"},"date":{"day":25,"month":10,"year":2019,"time":"15-47-21"}},"level":"debug"}
{"message":{"sqlParser":{"id":"insertUsers","parameter":{"Users_Account":"x12345","Users_IsBan":"1"},"ret":" INSERT INTO Users) VALUES (  )WHERE Users_Account = 'x12345'"},"date":{"day":25,"month":10,"year":2019,"time":"15-47-48"}},"level":"debug"}
{"message":{"sqlParser":{"id":"insertUsers","parameter":{"Users_Account":"x12345","Users_IsBan":1},"ret":" INSERT INTO Users) VALUES (  )WHERE Users_Account = 'x12345'"},"date":{"day":25,"month":10,"year":2019,"time":"15-48-39"}},"level":"debug"}
{"message":{"sqlParser":{"id":"insertUsers","parameter":{"Users_Account":"x12345","Users_IsBan":1},"ret":" INSERT INTO Users( #{Users_IsBan} ) VALUES (  )WHERE Users_Account = 'x12345'"},"date":{"day":25,"month":10,"year":2019,"time":"15-51-23"}},"level":"debug"}
{"message":{"sqlParser":{"id":"insertUsers","parameter":{"Users_Account":"x12345","Users_IsBan":1},"ret":" INSERT INTO Users( Users_IsBan ) VALUES (  )WHERE Users_Account = 'x12345'"},"date":{"day":25,"month":10,"year":2019,"time":"15-54-12"}},"level":"debug"}
{"message":{"sqlParser":{"id":"insertUsers","parameter":{"Users_Account":"x12345","Users_IsBan":1},"ret":" INSERT INTO Users( Users_IsBan ) VALUES )WHERE Users_Account = 'x12345'"},"date":{"day":25,"month":10,"year":2019,"time":"15-58-31"}},"level":"debug"}
{"message":{"sqlParser":{"id":"insertUsers","parameter":{"Users_Account":"x12345","Users_IsBan":1},"ret":" INSERT INTO Users( Users_IsBan ) VALUES )WHERE Users_Account = 'x12345'"},"date":{"day":25,"month":10,"year":2019,"time":"15-59-31"}},"level":"debug"}
{"message":{"sqlParser":{"id":"insertUsers","parameter":{"Users_Account":"x12345","Users_IsBan":1},"ret":" INSERT INTO Users( Users_IsBan ) VALUES )WHERE Users_Account = 'x12345'"},"date":{"day":25,"month":10,"year":2019,"time":"16-0-4"}},"level":"debug"}
{"message":{"sqlParser":{"id":"insertUsers","parameter":{"Users_Account":"x12345","Users_IsBan":1},"ret":" INSERT INTO Users( Users_IsBan ) VALUES )WHERE Users_Account = 'x12345'"},"date":{"day":25,"month":10,"year":2019,"time":"16-0-28"}},"level":"debug"}
{"message":{"sqlParser":{"id":"insertUsers","parameter":{"Users_Account":"x12345","Users_IsBan":1},"ret":" INSERT INTO Users( Users_IsBan ) VALUES ( 1 )WHERE Users_Account = 'x12345'"},"date":{"day":25,"month":10,"year":2019,"time":"16-0-48"}},"level":"debug"}
{"message":{"sqlParser":{"id":"insertUsers","parameter":{"Users_Account":"x12345","Users_IsBan":1},"ret":" INSERT INTO Users( Users_IsBan ) VALUES ( 1 )WHERE Users_Account = 'x12345'"},"date":{"day":25,"month":10,"year":2019,"time":"16-1-16"}},"level":"debug"}
{"message":{"sqlParser":{"id":"insertUsers","parameter":{"Users_Name":"游客5","Users_Account":"x123456","Users_PassWord":"123456"},"ret":" INSERT INTO Users( Users_PassWord , Users_Name ) VALUES ( MD5('123456') , '游客5' )WHERE Users_Account = 'x123456'"},"date":{"day":25,"month":10,"year":2019,"time":"16-7-2"}},"level":"debug"}
{"message":{"sqlParser":{"id":"insertUsers","parameter":{"Users_Name":"游客5","Users_Account":"x123456","Users_PassWord":"123456"},"ret":" INSERT INTO Users( Users_PassWord , Users_Account , Users_Name ) VALUES ( MD5('123456') , 'x123456' , '游客5' )WHERE Users_Account = 'x123456'"},"date":{"day":25,"month":10,"year":2019,"time":"16-7-39"}},"level":"debug"}
{"message":{"sqlParser":{"id":"insertUsers","parameter":{"Users_Name":"游客5","Users_Account":"x123456","Users_PassWord":"123456"},"ret":" INSERT INTO Users( Users_PassWord , Users_Account , Users_Name ) VALUES ( MD5('123456') , 'x123456' , '游客5' )"},"date":{"day":25,"month":10,"year":2019,"time":"16-7-58"}},"level":"debug"}
{"message":{"sqlParser":{"id":"insertUsers","parameter":{"Users_Name":"游客5","Users_Account":"x123456","Users_PassWord":"123456"},"ret":" INSERT INTO Users"},"date":{"day":25,"month":10,"year":2019,"time":"16-16-46"}},"level":"debug"}
{"message":{"sqlParser":{"id":"insertUsers","parameter":{"Users_Name":"游客5","Users_Account":"x123456","Users_PassWord":"123456"},"ret":" INSERT INTO Users( Users_PassWord , Users_Account , Users_Name ) VALUES ( MD5('123456') , 'x123456' , '游客5' )"},"date":{"day":25,"month":10,"year":2019,"time":"16-21-59"}},"level":"debug"}
{"message":{"sqlParser":{"id":"insertUsers","parameter":{"Users_Name":"游客5","Users_Account":"x123456","Users_PassWord":"123456"},"ret":" INSERT INTO Users( Users_PassWord , Users_Account , Users_Name ) VALUES ( MD5('123456') , 'x123456' , '游客5' )"},"date":{"day":25,"month":10,"year":2019,"time":"16-28-46"}},"level":"debug"}
{"message":{"sqlParser":{"id":"insertUsers","parameter":{"Users_Name":"游客5","Users_Account":"x123456","Users_PassWord":"123456"},"ret":" INSERT INTO Users( Users_PassWord , Users_Account , Users_Name ) VALUES ( MD5('123456') , 'x123456' , '游客5' )"},"date":{"day":26,"month":10,"year":2019,"time":"16-51-14"}},"level":"debug"}
{"message":{"sqlParser":{"id":"insertUsers","parameter":{"Users_Name":"游客5","Users_Account":"x123456","Users_PassWord":"123456"},"ret":" INSERT INTO Users( Users_PassWord , Users_Account , Users_Name ) VALUES ( MD5('123456') , 'x123456' , '游客5' )"},"date":{"day":26,"month":10,"year":2019,"time":"16-52-1"}},"level":"debug"}
{"message":{"sqlParser":{"id":"insertUsers","parameter":{"Users_Name":"游客5","Users_Account":"x123456","Users_PassWord":"123456"},"ret":" INSERT INTO Users( Users_PassWord , Users_Account , Users_Name ) VALUES ( MD5('123456') , 'x123456' , '游客5' )"},"date":{"day":26,"month":10,"year":2019,"time":"16-52-12"}},"level":"debug"}
{"message":{"sqlParser":{"id":"insertUsers","parameter":{"Users_Name":"游客5","Users_Account":"x123456","Users_PassWord":"123456"},"ret":" INSERT INTO Users( Users_PassWord , Users_Account , Users_Name ) VALUES ( MD5('123456') , 'x123456' , '游客5' )"},"date":{"day":30,"month":10,"year":2019,"time":"17-3-54"}},"level":"debug"}
